Determining if the pthread_create exist failed with the following output:
Change Dir: /home/the-user/Downloads/cadproj-01/CMakeFiles/CMakeTmp

Run Build Command:"/usr/bin/make" "cmTC_7c1c0/fast"
/usr/bin/make -f CMakeFiles/cmTC_7c1c0.dir/build.make CMakeFiles/cmTC_7c1c0.dir/build
make[1]: Entering directory '/home/the-user/Downloads/cadproj-01/CMakeFiles/CMakeTmp'
Building C object CMakeFiles/cmTC_7c1c0.dir/CheckSymbolExists.c.o
/usr/bin/cc    -fPIC    -o CMakeFiles/cmTC_7c1c0.dir/CheckSymbolExists.c.o   -c /home/the-user/Downloads/cadproj-01/CMakeFiles/CMakeTmp/CheckSymbolExists.c
Linking C executable cmTC_7c1c0
/usr/bin/cmake -E cmake_link_script CMakeFiles/cmTC_7c1c0.dir/link.txt --verbose=1
/usr/bin/cc  -fPIC     CMakeFiles/cmTC_7c1c0.dir/CheckSymbolExists.c.o  -o cmTC_7c1c0 -rdynamic 
CMakeFiles/cmTC_7c1c0.dir/CheckSymbolExists.c.o: In function `main':
CheckSymbolExists.c:(.text+0x1b): undefined reference to `pthread_create'
collect2: error: ld returned 1 exit status
CMakeFiles/cmTC_7c1c0.dir/build.make:97: recipe for target 'cmTC_7c1c0' failed
make[1]: *** [cmTC_7c1c0] Error 1
make[1]: Leaving directory '/home/the-user/Downloads/cadproj-01/CMakeFiles/CMakeTmp'
Makefile:126: recipe for target 'cmTC_7c1c0/fast' failed
make: *** [cmTC_7c1c0/fast] Error 2

File /home/the-user/Downloads/cadproj-01/CMakeFiles/CMakeTmp/CheckSymbolExists.c:
/* */
#include <pthread.h>

int main(int argc, char** argv)
{
  (void)argv;
#ifndef pthread_create
  return ((int*)(&pthread_create))[argc];
#else
  (void)argc;
  return 0;
#endif
}

Determining if the function pthread_create exists in the pthreads failed with the following output:
Change Dir: /home/the-user/Downloads/cadproj-01/CMakeFiles/CMakeTmp

Run Build Command:"/usr/bin/make" "cmTC_0475d/fast"
/usr/bin/make -f CMakeFiles/cmTC_0475d.dir/build.make CMakeFiles/cmTC_0475d.dir/build
make[1]: Entering directory '/home/the-user/Downloads/cadproj-01/CMakeFiles/CMakeTmp'
Building C object CMakeFiles/cmTC_0475d.dir/CheckFunctionExists.c.o
/usr/bin/cc    -fPIC -DCHECK_FUNCTION_EXISTS=pthread_create   -o CMakeFiles/cmTC_0475d.dir/CheckFunctionExists.c.o   -c /usr/share/cmake-3.7/Modules/CheckFunctionExists.c
Linking C executable cmTC_0475d
/usr/bin/cmake -E cmake_link_script CMakeFiles/cmTC_0475d.dir/link.txt --verbose=1
/usr/bin/cc  -fPIC -DCHECK_FUNCTION_EXISTS=pthread_create    CMakeFiles/cmTC_0475d.dir/CheckFunctionExists.c.o  -o cmTC_0475d -rdynamic -lpthreads 
/usr/bin/ld: cannot find -lpthreads
collect2: error: ld returned 1 exit status
CMakeFiles/cmTC_0475d.dir/build.make:97: recipe for target 'cmTC_0475d' failed
make[1]: *** [cmTC_0475d] Error 1
make[1]: Leaving directory '/home/the-user/Downloads/cadproj-01/CMakeFiles/CMakeTmp'
Makefile:126: recipe for target 'cmTC_0475d/fast' failed
make: *** [cmTC_0475d/fast] Error 2


